#
# A fatal error has been detected by the Java Runtime Environment:
#
#  SIGSEGV (0xb) at pc=0x0000000000000000, pid=6625, tid=140004354979584
#
# JRE version: OpenJDK Runtime Environment (7.0_51) (build 1.7.0_51-b00)
# Java VM: OpenJDK 64-Bit Server VM (24.45-b08 mixed mode linux-amd64 compressed oops)
# Problematic frame:
# C  0x0000000000000000
#
# Failed to write core dump. Core dumps have been disabled. To enable core dumping, try "ulimit -c unlimited" before starting Java again
#
# If you would like to submit a bug report, please include
# instructions on how to reproduce the bug and visit:
#   http://icedtea.classpath.org/bugzilla
#

---------------  T H R E A D  ---------------

Current thread (0x00007f54fc0be000):  JavaThread "play-thread-1" [_thread_in_Java, id=6647, stack(0x00007f554dc87000,0x00007f554dd88000)]

siginfo:si_signo=SIGSEGV: si_errno=0, si_code=1 (SEGV_MAPERR), si_addr=0x0000000000000000

Registers:
RAX=0x0000000000000000, RBX=0x00000000000000f0, RCX=0x00007f5560f012e0, RDX=0x00007f5560ab3320
RSP=0x00007f554dd86158, RBP=0x00007f554dd861a8, RSI=0x0000000000000001, RDI=0x0000000000000000
R8 =0x0000000000000000, R9 =0x00000000000019f7, R10=0x00007f5560ac6980, R11=0x0000000000000013
R12=0x0000000000000000, R13=0x000000077d745c08, R14=0x00007f554dd861c8, R15=0x00007f54fc0be000
RIP=0x0000000000000000, EFLAGS=0x0000000000010202, CSGSFS=0x0000000000000033, ERR=0x0000000000000014
  TRAPNO=0x000000000000000e

Top of Stack: (sp=0x00007f554dd86158)
0x00007f554dd86158:   0000000000000000 0000000000000002
0x00007f554dd86168:   00007f554dd86168 000000077d745c07
0x00007f554dd86178:   00007f554dd861c8 000000077d74b3b8
0x00007f554dd86188:   000000077d7538a8 000000077d749220
0x00007f554dd86198:   0000000000000000 00007f554dd861d0
0x00007f554dd861a8:   00007f554dd86210 00007f55550060d8
0x00007f554dd861b8:   0000000000000000 0000000000000000
0x00007f554dd861c8:   0000000000000000 00007f554dd861d0
0x00007f554dd861d8:   000000077d74e15c 00007f554dd86230
0x00007f554dd861e8:   000000077d74e470 0000000000000000
0x00007f554dd861f8:   000000077d74e198 00007f554dd861d0
0x00007f554dd86208:   00007f554dd86220 00007f554dd86278
0x00007f554dd86218:   00007f55550062b3 00000007db1a19f8
0x00007f554dd86228:   0000000000000000 00000007da2bae00
0x00007f554dd86238:   00007f554dd86238 000000077acc4306
0x00007f554dd86248:   00007f554dd86298 000000077acc4718
0x00007f554dd86258:   000000077cfe62c8 000000077acc4340
0x00007f554dd86268:   00007f554dd86220 00007f554dd86288
0x00007f554dd86278:   00007f554dd862e0 00007f5555006961
0x00007f554dd86288:   00000007db1a19f8 0000000000000000
0x00007f554dd86298:   00000007d9c35688 00007f554dd862a0
0x00007f554dd862a8:   000000077aa532a1 00007f554dd86308
0x00007f554dd862b8:   000000077aab8cf8 000000077d0a3cf8
0x00007f554dd862c8:   000000077aa53300 00007f554dd86288
0x00007f554dd862d8:   00007f554dd862f8 00007f554dd86350
0x00007f554dd862e8:   00007f55550062b3 00000007d9c35688
0x00007f554dd862f8:   00000007db1a19f8 0000000000000000
0x00007f554dd86308:   00000007db19e448 00007f554dd86310
0x00007f554dd86318:   000000077c4c1732 00007f554dd863a8
0x00007f554dd86328:   000000077c4c49d0 0000000000000000
0x00007f554dd86338:   000000077c4c18e0 00007f554dd862f8
0x00007f554dd86348:   00007f554dd86398 00007f554dd863f0 

Instructions: (pc=0x0000000000000000)
0xffffffffffffffe0:   

Register to memory mapping:

RAX=0x0000000000000000 is an unknown value
RBX=0x00000000000000f0 is an unknown value
RCX=0x00007f5560f012e0: <offset 0x2182e0> in /lib/x86_64-linux-gnu/libpthread.so.0 at 0x00007f5560ce9000
RDX=0x00007f5560ab3320: <offset 0xd8f320> in /usr/lib/jvm/java-7-openjdk-amd64/jre/lib/amd64/server/libjvm.so at 0x00007f555fd24000
RSP=0x00007f554dd86158 is pointing into the stack for thread: 0x00007f54fc0be000
RBP=0x00007f554dd861a8 is pointing into the stack for thread: 0x00007f54fc0be000
RSI=0x0000000000000001 is an unknown value
RDI=0x0000000000000000 is an unknown value
R8 =0x0000000000000000 is an unknown value
R9 =0x00000000000019f7 is an unknown value
R10=0x00007f5560ac6980: <offset 0xda2980> in /usr/lib/jvm/java-7-openjdk-amd64/jre/lib/amd64/server/libjvm.so at 0x00007f555fd24000
R11=0x0000000000000013 is an unknown value
R12=0x0000000000000000 is an unknown value
R13=0x000000077d745c08 is pointing into object: 0x000000077d745af0
{method data} 
 - klass: {other class}
R14=0x00007f554dd861c8 is pointing into the stack for thread: 0x00007f54fc0be000
R15=0x00007f54fc0be000 is a thread


Stack: [0x00007f554dc87000,0x00007f554dd88000],  sp=0x00007f554dd86158,  free space=1020k

---------------  P R O C E S S  ---------------

Java Threads: ( => current thread )
  0x00007f5508005800 JavaThread "New I/O  worker #4" [_thread_in_native, id=25739, stack(0x00007f554dd88000,0x00007f554de89000)]
  0x00007f5500758000 JavaThread "net.sf.ehcache.CacheManager@3ca79523" daemon [_thread_blocked, id=25616, stack(0x00007f554db86000,0x00007f554dc87000)]
  0x00007f54e0002000 JavaThread "JDWP Command Reader" daemon [_thread_in_native, id=25410, stack(0x00007f554d377000,0x00007f554d478000)]
  0x00007f54d8003800 JavaThread "JDWP Transport Listener: dt_socket" daemon [_thread_blocked, id=22278, stack(0x00007f554d276000,0x00007f554d377000)]
  0x00007f54dc0ef000 JavaThread "pool-5-thread-1" [_thread_blocked, id=10158, stack(0x00007f554d175000,0x00007f554d276000)]
  0x00007f55003bb000 JavaThread "com.mchange.v2.async.ThreadPoolAsynchronousRunner$PoolThread-#2" daemon [_thread_blocked, id=6653, stack(0x00007f554d579000,0x00007f554d67a000)]
  0x00007f55003be000 JavaThread "com.mchange.v2.async.ThreadPoolAsynchronousRunner$PoolThread-#1" daemon [_thread_blocked, id=6652, stack(0x00007f554d67a000,0x00007f554d77b000)]
  0x00007f55003bd000 JavaThread "com.mchange.v2.async.ThreadPoolAsynchronousRunner$PoolThread-#0" daemon [_thread_blocked, id=6651, stack(0x00007f554d77b000,0x00007f554d87c000)]
  0x00007f550039f000 JavaThread "Timer-0" daemon [_thread_blocked, id=6650, stack(0x00007f554d87c000,0x00007f554d97d000)]
=>0x00007f54fc0be000 JavaThread "play-thread-1" [_thread_in_Java, id=6647, stack(0x00007f554dc87000,0x00007f554dd88000)]
  0x00007f555800f000 JavaThread "DestroyJavaVM" [_thread_blocked, id=6626, stack(0x00007f55617e2000,0x00007f55618e3000)]
  0x00007f555865f800 JavaThread "New I/O server boss #1 ([id: 0x641a13c8, /0:0:0:0:0:0:0:0:9000])" [_thread_in_native, id=6641, stack(0x00007f554de89000,0x00007f554df8a000)]
  0x00007f55581ca800 JavaThread "Service Thread" daemon [_thread_blocked, id=6639, stack(0x00007f554f9f7000,0x00007f554faf8000)]
  0x00007f55581c8000 JavaThread "C2 CompilerThread1" daemon [_thread_blocked, id=6638, stack(0x00007f554faf8000,0x00007f554fbf9000)]
  0x00007f55581c5800 JavaThread "C2 CompilerThread0" daemon [_thread_blocked, id=6637, stack(0x00007f554fbf9000,0x00007f554fcfa000)]
  0x00007f55581c3800 JavaThread "JDWP Event Helper Thread" daemon [_thread_blocked, id=6636, stack(0x00007f554fcfa000,0x00007f554fdfb000)]
  0x00007f555816a000 JavaThread "Signal Dispatcher" daemon [_thread_blocked, id=6634, stack(0x00007f55541f2000,0x00007f55542f3000)]
  0x00007f5558148000 JavaThread "Finalizer" daemon [_thread_blocked, id=6633, stack(0x00007f55542f3000,0x00007f55543f4000)]
  0x00007f5558146000 JavaThread "Reference Handler" daemon [_thread_blocked, id=6632, stack(0x00007f55543f4000,0x00007f55544f5000)]

Other Threads:
  0x00007f5558141800 VMThread [stack: 0x00007f55544f5000,0x00007f55545f6000] [id=6631]
  0x00007f55581d5800 WatcherThread [stack: 0x00007f554f8f6000,0x00007f554f9f7000] [id=6640]

VM state:not at safepoint (normal execution)

VM Mutex/Monitor currently owned by a thread: None

Heap
 PSYoungGen      total 76288K, used 71632K [0x00000007d7000000, 0x00000007dc580000, 0x0000000800000000)
  eden space 71168K, 95% used [0x00000007d7000000,0x00000007db2b24c8,0x00000007db580000)
  from space 5120K, 65% used [0x00000007dc080000,0x00000007dc3c1d18,0x00000007dc580000)
  to   space 8192K, 0% used [0x00000007db580000,0x00000007db580000,0x00000007dbd80000)
 ParOldGen       total 83968K, used 27197K [0x0000000785000000, 0x000000078a200000, 0x00000007d7000000)
  object space 83968K, 32% used [0x0000000785000000,0x0000000786a8f738,0x000000078a200000)
 PSPermGen       total 46592K, used 46481K [0x000000077aa00000, 0x000000077d780000, 0x0000000785000000)
  object space 46592K, 99% used [0x000000077aa00000,0x000000077d764488,0x000000077d780000)

Card table byte_map: [0x00007f555d323000,0x00007f555d74f000] byte_map_base: 0x00007f555974e000

Polling page: 0x00007f5561900000

Code Cache  [0x00007f5555000000, 0x00007f5555620000, 0x00007f5558000000)
 total_blobs=1823 nmethods=1124 adapters=659 free_code_cache=43089Kb largest_free_block=43941312

Compilation events (10 events):
Event: 13709,304 Thread 0x00007f55581c8000 1229             java.lang.Integer::reverseBytes (26 bytes)
Event: 13709,304 Thread 0x00007f55581c8000 nmethod 1229 0x00007f55554dd150 code [0x00007f55554dd280, 0x00007f55554dd2f8]
Event: 13709,324 Thread 0x00007f55581c5800 1230             java.text.SimpleDateFormat::format (171 bytes)
Event: 13709,330 Thread 0x00007f55581c5800 nmethod 1230 0x00007f55555bba90 code [0x00007f55555bbc40, 0x00007f55555bc080]
Event: 13709,349 Thread 0x00007f55581c8000 1231             jregex.Matcher::setTarget (11 bytes)
Event: 13709,349 Thread 0x00007f55581c5800 1232             jregex.Matcher::setTarget (88 bytes)
Event: 13709,362 Thread 0x00007f55581c8000 nmethod 1231 0x00007f5555464210 code [0x00007f55554643e0, 0x00007f5555464bc8]
Event: 13709,362 Thread 0x00007f55581c5800 nmethod 1232 0x00007f55551f8650 code [0x00007f55551f8820, 0x00007f55551f9168]
Event: 13709,414 Thread 0x00007f55581c8000 1233             jregex.Pattern::matcher (16 bytes)
Event: 13709,416 Thread 0x00007f55581c8000 nmethod 1233 0x00007f5555463e10 code [0x00007f5555463f60, 0x00007f5555464078]

GC Heap History (10 events):
Event: 10784,945 GC heap before
{Heap before GC invocations=16 (full 0):
 PSYoungGen      total 87552K, used 87231K [0x00000007d7000000, 0x00000007dd300000, 0x0000000800000000)
  eden space 83968K, 100% used [0x00000007d7000000,0x00000007dc200000,0x00000007dc200000)
  from space 3584K, 91% used [0x00000007dc500000,0x00000007dc82fef0,0x00000007dc880000)
  to   space 8704K, 0% used [0x00000007dca80000,0x00000007dca80000,0x00000007dd300000)
 ParOldGen       total 83968K, used 22413K [0x0000000785000000, 0x000000078a200000, 0x00000007d7000000)
  object space 83968K, 26% used [0x0000000785000000,0x00000007865e3738,0x000000078a200000)
 PSPermGen       total 43008K, used 42657K [0x000000077aa00000, 0x000000077d400000, 0x0000000785000000)
  object space 43008K, 99% used [0x000000077aa00000,0x000000077d3a8788,0x000000077d400000)
Event: 10784,950 GC heap after
Heap after GC invocations=16 (full 0):
 PSYoungGen      total 87552K, used 4016K [0x00000007d7000000, 0x00000007dd080000, 0x0000000800000000)
  eden space 81408K, 0% used [0x00000007d7000000,0x00000007d7000000,0x00000007dbf80000)
  from space 6144K, 65% used [0x00000007dca80000,0x00000007dce6c0b8,0x00000007dd080000)
  to   space 8704K, 0% used [0x00000007dbf80000,0x00000007dbf80000,0x00000007dc800000)
 ParOldGen       total 83968K, used 23253K [0x0000000785000000, 0x000000078a200000, 0x00000007d7000000)
  object space 83968K, 27% used [0x0000000785000000,0x00000007866b5738,0x000000078a200000)
 PSPermGen       total 43008K, used 42657K [0x000000077aa00000, 0x000000077d400000, 0x0000000785000000)
  object space 43008K, 99% used [0x000000077aa00000,0x000000077d3a8788,0x000000077d400000)
}
Event: 11063,593 GC heap before
{Heap before GC invocations=17 (full 0):
 PSYoungGen      total 87552K, used 85424K [0x00000007d7000000, 0x00000007dd080000, 0x0000000800000000)
  eden space 81408K, 100% used [0x00000007d7000000,0x00000007dbf80000,0x00000007dbf80000)
  from space 6144K, 65% used [0x00000007dca80000,0x00000007dce6c0b8,0x00000007dd080000)
  to   space 8704K, 0% used [0x00000007dbf80000,0x00000007dbf80000,0x00000007dc800000)
 ParOldGen       total 83968K, used 23253K [0x0000000785000000, 0x000000078a200000, 0x00000007d7000000)
  object space 83968K, 27% used [0x0000000785000000,0x00000007866b5738,0x000000078a200000)
 PSPermGen       total 43520K, used 43327K [0x000000077aa00000, 0x000000077d480000, 0x0000000785000000)
  object space 43520K, 99% used [0x000000077aa00000,0x000000077d44fcf0,0x000000077d480000)
Event: 11063,601 GC heap after
Heap after GC invocations=17 (full 0):
 PSYoungGen      total 82432K, used 3470K [0x00000007d7000000, 0x00000007dce00000, 0x0000000800000000)
  eden space 78848K, 0% used [0x00000007d7000000,0x00000007d7000000,0x00000007dbd00000)
  from space 3584K, 96% used [0x00000007dbf80000,0x00000007dc2e3a98,0x00000007dc300000)
  to   space 8704K, 0% used [0x00000007dc580000,0x00000007dc580000,0x00000007dce00000)
 ParOldGen       total 83968K, used 24045K [0x0000000785000000, 0x000000078a200000, 0x00000007d7000000)
  object space 83968K, 28% used [0x0000000785000000,0x000000078677b738,0x000000078a200000)
 PSPermGen       total 43520K, used 43327K [0x000000077aa00000, 0x000000077d480000, 0x0000000785000000)
  object space 43520K, 99% used [0x000000077aa00000,0x000000077d44fcf0,0x000000077d480000)
}
Event: 11480,527 GC heap before
{Heap before GC invocations=18 (full 0):
 PSYoungGen      total 82432K, used 82318K [0x00000007d7000000, 0x00000007dce00000, 0x0000000800000000)
  eden space 78848K, 100% used [0x00000007d7000000,0x00000007dbd00000,0x00000007dbd00000)
  from space 3584K, 96% used [0x00000007dbf80000,0x00000007dc2e3a98,0x00000007dc300000)
  to   space 8704K, 0% used [0x00000007dc580000,0x00000007dc580000,0x00000007dce00000)
 ParOldGen       total 83968K, used 24045K [0x0000000785000000, 0x000000078a200000, 0x00000007d7000000)
  object space 83968K, 28% used [0x0000000785000000,0x000000078677b738,0x000000078a200000)
 PSPermGen       total 44544K, used 44310K [0x000000077aa00000, 0x000000077d580000, 0x0000000785000000)
  object space 44544K, 99% used [0x000000077aa00000,0x000000077d545b18,0x000000077d580000)
Event: 11480,533 GC heap after
Heap after GC invocations=18 (full 0):
 PSYoungGen      total 82432K, used 3466K [0x00000007d7000000, 0x00000007dcb80000, 0x0000000800000000)
  eden space 76288K, 0% used [0x00000007d7000000,0x00000007d7000000,0x00000007dba80000)
  from space 6144K, 56% used [0x00000007dc580000,0x00000007dc8e28c8,0x00000007dcb80000)
  to   space 8704K, 0% used [0x00000007dba80000,0x00000007dba80000,0x00000007dc300000)
 ParOldGen       total 83968K, used 25029K [0x0000000785000000, 0x000000078a200000, 0x00000007d7000000)
  object space 83968K, 29% used [0x0000000785000000,0x0000000786871738,0x000000078a200000)
 PSPermGen       total 44544K, used 44310K [0x000000077aa00000, 0x000000077d580000, 0x0000000785000000)
  object space 44544K, 99% used [0x000000077aa00000,0x000000077d545b18,0x000000077d580000)
}
Event: 12421,332 GC heap before
{Heap before GC invocations=19 (full 0):
 PSYoungGen      total 82432K, used 79754K [0x00000007d7000000, 0x00000007dcb80000, 0x0000000800000000)
  eden space 76288K, 100% used [0x00000007d7000000,0x00000007dba80000,0x00000007dba80000)
  from space 6144K, 56% used [0x00000007dc580000,0x00000007dc8e28c8,0x00000007dcb80000)
  to   space 8704K, 0% used [0x00000007dba80000,0x00000007dba80000,0x00000007dc300000)
 ParOldGen       total 83968K, used 25029K [0x0000000785000000, 0x000000078a200000, 0x00000007d7000000)
  object space 83968K, 29% used [0x0000000785000000,0x0000000786871738,0x000000078a200000)
 PSPermGen       total 45568K, used 45170K [0x000000077aa00000, 0x000000077d680000, 0x0000000785000000)
  object space 45568K, 99% used [0x000000077aa00000,0x000000077d61c948,0x000000077d680000)
Event: 12421,338 GC heap after
Heap after GC invocations=19 (full 0):
 PSYoungGen      total 77824K, used 3620K [0x00000007d7000000, 0x00000007dc900000, 0x0000000800000000)
  eden space 73728K, 0% used [0x00000007d7000000,0x00000007d7000000,0x00000007db800000)
  from space 4096K, 88% used [0x00000007dba80000,0x00000007dbe09138,0x00000007dbe80000)
  to   space 8704K, 0% used [0x00000007dc080000,0x00000007dc080000,0x00000007dc900000)
 ParOldGen       total 83968K, used 26053K [0x0000000785000000, 0x000000078a200000, 0x00000007d7000000)
  object space 83968K, 31% used [0x0000000785000000,0x0000000786971738,0x000000078a200000)
 PSPermGen       total 45568K, used 45170K [0x000000077aa00000, 0x000000077d680000, 0x0000000785000000)
  object space 45568K, 99% used [0x000000077aa00000,0x000000077d61c948,0x000000077d680000)
}
Event: 13279,554 GC heap before
{Heap before GC invocations=20 (full 0):
 PSYoungGen      total 77824K, used 77348K [0x00000007d7000000, 0x00000007dc900000, 0x0000000800000000)
  eden space 73728K, 100% used [0x00000007d7000000,0x00000007db800000,0x00000007db800000)
  from space 4096K, 88% used [0x00000007dba80000,0x00000007dbe09138,0x00000007dbe80000)
  to   space 8704K, 0% used [0x00000007dc080000,0x00000007dc080000,0x00000007dc900000)
 ParOldGen       total 83968K, used 26053K [0x0000000785000000, 0x000000078a200000, 0x00000007d7000000)
  object space 83968K, 31% used [0x0000000785000000,0x0000000786971738,0x000000078a200000)
 PSPermGen       total 46592K, used 46151K [0x000000077aa00000, 0x000000077d780000, 0x0000000785000000)
  object space 46592K, 99% used [0x000000077aa00000,0x000000077d711d78,0x000000077d780000)
Event: 13279,561 GC heap after
Heap after GC invocations=20 (full 0):
 PSYoungGen      total 76288K, used 3335K [0x00000007d7000000, 0x00000007dc580000, 0x0000000800000000)
  eden space 71168K, 0% used [0x00000007d7000000,0x00000007d7000000,0x00000007db580000)
  from space 5120K, 65% used [0x00000007dc080000,0x00000007dc3c1d18,0x00000007dc580000)
  to   space 8192K, 0% used [0x00000007db580000,0x00000007db580000,0x00000007dbd80000)
 ParOldGen       total 83968K, used 27197K [0x0000000785000000, 0x000000078a200000, 0x00000007d7000000)
  object space 83968K, 32% used [0x0000000785000000,0x0000000786a8f738,0x000000078a200000)
 PSPermGen       total 46592K, used 46151K [0x000000077aa00000, 0x000000077d780000, 0x0000000785000000)
  object space 46592K, 99% used [0x000000077aa00000,0x000000077d711d78,0x000000077d780000)
}

Deoptimization events (10 events):
Event: 13692,906 Thread 0x00007f54fc0be000 Uncommon trap: reason=unhandled action=none pc=0x00007f555545e328 method=javassist.ClassPool.get(Ljava/lang/String;)Ljavassist/CtClass; @ 28
Event: 13692,906 Thread 0x00007f54fc0be000 Uncommon trap: reason=unhandled action=none pc=0x00007f555545e328 method=javassist.ClassPool.get(Ljava/lang/String;)Ljavassist/CtClass; @ 28
Event: 13692,906 Thread 0x00007f54fc0be000 Uncommon trap: reason=unhandled action=none pc=0x00007f555545e328 method=javassist.ClassPool.get(Ljava/lang/String;)Ljavassist/CtClass; @ 28
Event: 13692,906 Thread 0x00007f54fc0be000 Uncommon trap: reason=unhandled action=none pc=0x00007f555545e328 method=javassist.ClassPool.get(Ljava/lang/String;)Ljavassist/CtClass; @ 28
Event: 13692,906 Thread 0x00007f54fc0be000 Uncommon trap: reason=unhandled action=none pc=0x00007f555545e328 method=javassist.ClassPool.get(Ljava/lang/String;)Ljavassist/CtClass; @ 28
Event: 13692,906 Thread 0x00007f54fc0be000 Uncommon trap: reason=unhandled action=none pc=0x00007f555545e328 method=javassist.ClassPool.get(Ljava/lang/String;)Ljavassist/CtClass; @ 28
Event: 13692,906 Thread 0x00007f54fc0be000 Uncommon trap: reason=unhandled action=none pc=0x00007f555545e328 method=javassist.ClassPool.get(Ljava/lang/String;)Ljavassist/CtClass; @ 28
Event: 13709,332 Thread 0x00007f54fc0be000 Uncommon trap: reason=range_check action=make_not_entrant pc=0x00007f55555bbe94 method=java.text.SimpleDateFormat.format(Ljava/util/Date;Ljava/lang/StringBuffer;Ljava/text/Format$FieldDelegate;)Ljava/lang/StringBuffer; @ 48
Event: 13722,798 Thread 0x00007f5508005800 Uncommon trap: reason=unhandled action=none pc=0x00007f555524e48c method=org.jboss.netty.handler.codec.replay.ReplayingDecoderBuffer.checkReadableBytes(I)V @ 16
Event: 13748,334 Thread 0x00007f5508005800 Uncommon trap: reason=unhandled action=none pc=0x00007f555524e48c method=org.jboss.netty.handler.codec.replay.ReplayingDecoderBuffer.checkReadableBytes(I)V @ 16

Internal exceptions (10 events):
Event: 13722,784 Thread 0x00007f54fc0be000 Threw 0x00000007db074d20 at /build/buildd/openjdk-7-7u51-2.4.4/build/openjdk/hotspot/src/share/vm/prims/jvm.cpp:1244
Event: 13722,784 Thread 0x00007f54fc0be000 Threw 0x00000007db0753c8 at /build/buildd/openjdk-7-7u51-2.4.4/build/openjdk/hotspot/src/share/vm/classfile/systemDictionary.cpp:185
Event: 13722,785 Thread 0x00007f54fc0be000 Threw 0x00000007db0776a8 at /build/buildd/openjdk-7-7u51-2.4.4/build/openjdk/hotspot/src/share/vm/prims/jvm.cpp:1244
Event: 13722,785 Thread 0x00007f54fc0be000 Threw 0x00000007db07c0e0 at /build/buildd/openjdk-7-7u51-2.4.4/build/openjdk/hotspot/src/share/vm/prims/jvm.cpp:1244
Event: 13722,785 Thread 0x00007f54fc0be000 Threw 0x00000007db07cbd8 at /build/buildd/openjdk-7-7u51-2.4.4/build/openjdk/hotspot/src/share/vm/prims/jvm.cpp:1244
Event: 13722,785 Thread 0x00007f54fc0be000 Threw 0x00000007db0848d0 at /build/buildd/openjdk-7-7u51-2.4.4/build/openjdk/hotspot/src/share/vm/prims/jvm.cpp:1244
Event: 13722,785 Thread 0x00007f54fc0be000 Threw 0x00000007db089208 at /build/buildd/openjdk-7-7u51-2.4.4/build/openjdk/hotspot/src/share/vm/prims/jvm.cpp:1244
Event: 13722,785 Thread 0x00007f54fc0be000 Threw 0x00000007db0898b0 at /build/buildd/openjdk-7-7u51-2.4.4/build/openjdk/hotspot/src/share/vm/classfile/systemDictionary.cpp:185
Event: 13722,787 Thread 0x00007f54fc0be000 Threw 0x00000007db09d810 at /build/buildd/openjdk-7-7u51-2.4.4/build/openjdk/hotspot/src/share/vm/prims/jvm.cpp:1244
Event: 13722,787 Thread 0x00007f54fc0be000 Threw 0x00000007db0a5c70 at /build/buildd/openjdk-7-7u51-2.4.4/build/openjdk/hotspot/src/share/vm/prims/jvm.cpp:1244

Events (10 events):
Event: 13777,781 Executing VM operation: GetCurrentLocation
Event: 13777,781 Executing VM operation: GetCurrentLocation done
Event: 13777,781 Executing VM operation: ChangeSingleStep
Event: 13777,781 Executing VM operation: ChangeSingleStep done
Event: 13777,781 Executing VM operation: ChangeSingleStep
Event: 13777,781 Executing VM operation: ChangeSingleStep done
Event: 13777,781 Executing VM operation: GetCurrentLocation
Event: 13777,782 Executing VM operation: GetCurrentLocation done
Event: 13777,782 Executing VM operation: ChangeSingleStep
Event: 13777,782 Executing VM operation: ChangeSingleStep done


Dynamic libraries:
00400000-00401000 r-xp 00000000 08:01 4983129                            /usr/lib/jvm/java-7-openjdk-amd64/jre/bin/java
00600000-00601000 r--p 00000000 08:01 4983129                            /usr/lib/jvm/java-7-openjdk-amd64/jre/bin/java
00601000-00602000 rw-p 00001000 08:01 4983129                            /usr/lib/jvm/java-7-openjdk-amd64/jre/bin/java
0152f000-01550000 rw-p 00000000 00:00 0                                  [heap]
77aa00000-77d780000 rw-p 00000000 00:00 0 
77d780000-785000000 rw-p 00000000 00:00 0 
785000000-78a200000 rw-p 00000000 00:00 0 
78a200000-7d7000000 rw-p 00000000 00:00 0 
7d7000000-7dc580000 rw-p 00000000 00:00 0 
7dc580000-7de300000 ---p 00000000 00:00 0 
7de300000-800000000 rw-p 00000000 00:00 0 
7f54cc000000-7f54cc033000 rw-p 00000000 00:00 0 
7f54cc033000-7f54d0000000 ---p 00000000 00:00 0 
7f54d4000000-7f54d4074000 rw-p 00000000 00:00 0 
7f54d4074000-7f54d8000000 ---p 00000000 00:00 0 
7f54d8000000-7f54d8055000 rw-p 00000000 00:00 0 
7f54d8055000-7f54dc000000 ---p 00000000 00:00 0 
7f54dc000000-7f54dc1c8000 rw-p 00000000 00:00 0 
7f54dc1c8000-7f54e0000000 ---p 00000000 00:00 0 
7f54e0000000-7f54e0163000 rw-p 00000000 00:00 0 
7f54e0163000-7f54e4000000 ---p 00000000 00:00 0 
7f54e4000000-7f54e4021000 rw-p 00000000 00:00 0 
7f54e4021000-7f54e8000000 ---p 00000000 00:00 0 
7f54e8000000-7f54e8021000 rw-p 00000000 00:00 0 
7f54e8021000-7f54ec000000 ---p 00000000 00:00 0 
7f54ec000000-7f54ec021000 rw-p 00000000 00:00 0 
7f54ec021000-7f54f0000000 ---p 00000000 00:00 0 
7f54f0000000-7f54f004a000 rw-p 00000000 00:00 0 
7f54f004a000-7f54f4000000 ---p 00000000 00:00 0 
7f54f4000000-7f54f4021000 rw-p 00000000 00:00 0 
7f54f4021000-7f54f8000000 ---p 00000000 00:00 0 
7f54f8000000-7f54f8021000 rw-p 00000000 00:00 0 
7f54f8021000-7f54fc000000 ---p 00000000 00:00 0 
7f54fc000000-7f54fc0f1000 rw-p 00000000 00:00 0 
7f54fc0f1000-7f5500000000 ---p 00000000 00:00 0 
7f5500000000-7f5501277000 rw-p 00000000 00:00 0 
7f5501277000-7f5504000000 ---p 00000000 00:00 0 
7f5504000000-7f5504021000 rw-p 00000000 00:00 0 
7f5504021000-7f5508000000 ---p 00000000 00:00 0 
7f5508000000-7f5508057000 rw-p 00000000 00:00 0 
7f5508057000-7f550c000000 ---p 00000000 00:00 0 
7f550c000000-7f550e0f2000 rw-p 00000000 00:00 0 
7f550e0f2000-7f5510000000 ---p 00000000 00:00 0 
7f5510000000-7f5510021000 rw-p 00000000 00:00 0 
7f5510021000-7f5514000000 ---p 00000000 00:00 0 
7f5514000000-7f5514021000 rw-p 00000000 00:00 0 
7f5514021000-7f5518000000 ---p 00000000 00:00 0 
7f5518000000-7f551a39f000 rw-p 00000000 00:00 0 
7f551a39f000-7f551c000000 ---p 00000000 00:00 0 
7f551c000000-7f551c021000 rw-p 00000000 00:00 0 
7f551c021000-7f5520000000 ---p 00000000 00:00 0 
7f5520000000-7f5520156000 rw-p 00000000 00:00 0 
7f5520156000-7f5524000000 ---p 00000000 00:00 0 
7f5524000000-7f5524021000 rw-p 00000000 00:00 0 
7f5524021000-7f5528000000 ---p 00000000 00:00 0 
7f5528000000-7f5528021000 rw-p 00000000 00:00 0 
7f5528021000-7f552c000000 ---p 00000000 00:00 0 
7f552c000000-7f552c025000 rw-p 00000000 00:00 0 
7f552c025000-7f5530000000 ---p 00000000 00:00 0 
7f5533d50000-7f5538000000 rw-p 00000000 00:00 0 
7f5538000000-7f5538021000 rw-p 00000000 00:00 0 
7f5538021000-7f553c000000 ---p 00000000 00:00 0 
7f5540000000-7f5540021000 rw-p 00000000 00:00 0 
7f5540021000-7f5544000000 ---p 00000000 00:00 0 
7f5548000000-7f5548021000 rw-p 00000000 00:00 0 
7f5548021000-7f554c000000 ---p 00000000 00:00 0 
7f554cf73000-7f554cf76000 ---p 00000000 00:00 0 
7f554cf76000-7f554d074000 rw-p 00000000 00:00 0 
7f554d074000-7f554d077000 ---p 00000000 00:00 0 
7f554d077000-7f554d175000 rw-p 00000000 00:00 0 
7f554d175000-7f554d178000 ---p 00000000 00:00 0 
7f554d178000-7f554d276000 rw-p 00000000 00:00 0                          [stack:10158]
7f554d276000-7f554d279000 ---p 00000000 00:00 0 
7f554d279000-7f554d377000 rw-p 00000000 00:00 0                          [stack:22278]
7f554d377000-7f554d37a000 ---p 00000000 00:00 0 
7f554d37a000-7f554d478000 rw-p 00000000 00:00 0                          [stack:25410]
7f554d478000-7f554d47b000 ---p 00000000 00:00 0 
7f554d47b000-7f554d579000 rw-p 00000000 00:00 0 
7f554d579000-7f554d57c000 ---p 00000000 00:00 0 
7f554d57c000-7f554d67a000 rw-p 00000000 00:00 0                          [stack:6653]
7f554d67a000-7f554d67d000 ---p 00000000 00:00 0 
7f554d67d000-7f554d77b000 rw-p 00000000 00:00 0                          [stack:6652]
7f554d77b000-7f554d77e000 ---p 00000000 00:00 0 
7f554d77e000-7f554d87c000 rw-p 00000000 00:00 0                          [stack:6651]
7f554d87c000-7f554d87f000 ---p 00000000 00:00 0 
7f554d87f000-7f554d97d000 rw-p 00000000 00:00 0                          [stack:6650]
7f554d97d000-7f554d985000 r-xp 00000000 08:01 4983107                    /usr/lib/jvm/java-7-openjdk-amd64/jre/lib/amd64/libmanagement.so
7f554d985000-7f554db84000 ---p 00008000 08:01 4983107                    /usr/lib/jvm/java-7-openjdk-amd64/jre/lib/amd64/libmanagement.so
7f554db84000-7f554db85000 r--p 00007000 08:01 4983107                    /usr/lib/jvm/java-7-openjdk-amd64/jre/lib/amd64/libmanagement.so
7f554db85000-7f554db86000 rw-p 00008000 08:01 4983107                    /usr/lib/jvm/java-7-openjdk-amd64/jre/lib/amd64/libmanagement.so
7f554db86000-7f554db89000 ---p 00000000 00:00 0 
7f554db89000-7f554dc87000 rw-p 00000000 00:00 0                          [stack:25616]
7f554dc87000-7f554dc8a000 ---p 00000000 00:00 0 
7f554dc8a000-7f554dd88000 rw-p 00000000 00:00 0                          [stack:6647]
7f554dd88000-7f554dd8b000 ---p 00000000 00:00 0 
7f554dd8b000-7f554de89000 rw-p 00000000 00:00 0                          [stack:25739]
7f554de89000-7f554de8c000 ---p 00000000 00:00 0 
7f554de8c000-7f554df8a000 rw-p 00000000 00:00 0                          [stack:6641]
7f554e076000-7f554e0b3000 r-xp 00000000 08:01 18353854                   /lib/x86_64-linux-gnu/libpcre.so.3.13.1
7f554e0b3000-7f554e2b3000 ---p 0003d000 08:01 18353854                   /lib/x86_64-linux-gnu/libpcre.so.3.13.1
7f554e2b3000-7f554e2b4000 r--p 0003d000 08:01 18353854                   /lib/x86_64-linux-gnu/libpcre.so.3.13.1
7f554e2b4000-7f554e2b5000 rw-p 0003e000 08:01 18353854                   /lib/x86_64-linux-gnu/libpcre.so.3.13.1
7f554e2b5000-7f554e2bc000 r-xp 00000000 08:01 4201359                    /usr/lib/x86_64-linux-gnu/libffi.so.6.0.1
7f554e2bc000-7f554e4bb000 ---p 00007000 08:01 4201359                    /usr/lib/x86_64-linux-gnu/libffi.so.6.0.1
7f554e4bb000-7f554e4bc000 r--p 00006000 08:01 4201359                    /usr/lib/x86_64-linux-gnu/libffi.so.6.0.1
7f554e4bc000-7f554e4bd000 rw-p 00007000 08:01 4201359                    /usr/lib/x86_64-linux-gnu/libffi.so.6.0.1
7f554e4bd000-7f554e4d3000 r-xp 00000000 08:01 18350172                   /lib/x86_64-linux-gnu/libresolv-2.17.so
7f554e4d3000-7f554e6d3000 ---p 00016000 08:01 18350172                   /lib/x86_64-linux-gnu/libresolv-2.17.so
7f554e6d3000-7f554e6d4000 r--p 00016000 08:01 18350172                   /lib/x86_64-linux-gnu/libresolv-2.17.so
7f554e6d4000-7f554e6d5000 rw-p 00017000 08:01 18350172                   /lib/x86_64-linux-gnu/libresolv-2.17.so
7f554e6d5000-7f554e6d7000 rw-p 00000000 00:00 0 
7f554e6d7000-7f554e6f4000 r-xp 00000000 08:01 18353881                   /lib/x86_64-linux-gnu/libselinux.so.1
7f554e6f4000-7f554e8f3000 ---p 0001d000 08:01 18353881                   /lib/x86_64-linux-gnu/libselinux.so.1
7f554e8f3000-7f554e8f4000 r--p 0001c000 08:01 18353881                   /lib/x86_64-linux-gnu/libselinux.so.1
7f554e8f4000-7f554e8f5000 rw-p 0001d000 08:01 18353881                   /lib/x86_64-linux-gnu/libselinux.so.1
7f554e8f5000-7f554e8f6000 rw-p 00000000 00:00 0 
7f554e8f6000-7f554e8f9000 r-xp 00000000 08:01 4201452                    /usr/lib/x86_64-linux-gnu/libgmodule-2.0.so.0.3600.0
7f554e8f9000-7f554eaf8000 ---p 00003000 08:01 4201452                    /usr/lib/x86_64-linux-gnu/libgmodule-2.0.so.0.3600.0
7f554eaf8000-7f554eaf9000 r--p 00002000 08:01 4201452                    /usr/lib/x86_64-linux-gnu/libgmodule-2.0.so.0.3600.0
7f554eaf9000-7f554eafa000 rw-p 00003000 08:01 4201452                    /usr/lib/x86_64-linux-gnu/libgmodule-2.0.so.0.3600.0
7f554eafa000-7f554ebf3000 r-xp 00000000 08:01 18353788                   /lib/x86_64-linux-gnu/libglib-2.0.so.0.3600.0
7f554ebf3000-7f554edf3000 ---p 000f9000 08:01 18353788                   /lib/x86_64-linux-gnu/libglib-2.0.so.0.3600.0
7f554edf3000-7f554edf4000 r--p 000f9000 08:01 18353788                   /lib/x86_64-linux-gnu/libglib-2.0.so.0.3600.0
7f554edf4000-7f554edf5000 rw-p 000fa000 08:01 18353788                   /lib/x86_64-linux-gnu/libglib-2.0.so.0.3600.0
7f554edf5000-7f554edf6000 rw-p 00000000 00:00 0 
7f554edf6000-7f554ee43000 r-xp 00000000 08:01 4201468                    /usr/lib/x86_64-linux-gnu/libgobject-2.0.so.0.3600.0
7f554ee43000-7f554f043000 ---p 0004d000 08:01 4201468                    /usr/lib/x86_64-linux-gnu/libgobject-2.0.so.0.3600.0
7f554f043000-7f554f044000 r--p 0004d000 08:01 4201468                    /usr/lib/x86_64-linux-gnu/libgobject-2.0.so.0.3600.0
7f554f044000-7f554f045000 rw-p 0004e000 08:01 4201468                    /usr/lib/x86_64-linux-gnu/libgobject-2.0.so.0.3600.0
7f554f045000-7f554f198000 r-xp 00000000 08:01 4201442                    /usr/lib/x86_64-linux-gnu/libgio-2.0.so.0.3600.0
7f554f198000-7f554f397000 ---p 00153000 08:01 4201442                    /usr/lib/x86_64-linux-gnu/libgio-2.0.so.0.3600.0
7f554f397000-7f554f39b000 r--p 00152000 08:01 4201442                    /usr/lib/x86_64-linux-gnu/libgio-2.0.so.0.3600.0
7f554f39b000-7f554f39d000 rw-p 00156000 08:01 4201442                    /usr/lib/x86_64-linux-gnu/libgio-2.0.so.0.3600.0
7f554f39d000-7f554f39f000 rw-p 00000000 00:00 0 
7f554f3a6000-7f554f3a9000 r--s 00017000 08:01 4854309                    /usr/lib/jvm/java-7-openjdk-amd64/jre/lib/jce.jar
7f554f3a9000-7f554f3ae000 r--s 0004c000 08:01 4854329                    /usr/lib/jvm/java-7-openjdk-amd64/jre/lib/jsse.jar
7f554f3ae000-7f554f3b8000 r--s 000b8000 08:01 4854328                    /usr/lib/jvm/java-7-openjdk-amd64/jre/lib/resources.jar
7f554f3b8000-7f554f3ce000 r-xp 00000000 08:01 4982718                    /usr/lib/jvm/java-7-openjdk-amd64/jre/lib/amd64/libnet.so
7f554f3ce000-7f554f5ce000 ---p 00016000 08:01 4982718                    /usr/lib/jvm/java-7-openjdk-amd64/jre/lib/amd64/libnet.so
7f554f5ce000-7f554f5cf000 r--p 00016000 08:01 4982718                    /usr/lib/jvm/java-7-openjdk-amd64/jre/lib/amd64/libnet.so
7f554f5cf000-7f554f5d0000 rw-p 00017000 08:01 4982718                    /usr/lib/jvm/java-7-openjdk-amd64/jre/lib/amd64/libnet.so
7f554f5d0000-7f554f5e0000 r-xp 00000000 08:01 4982686                    /usr/lib/jvm/java-7-openjdk-amd64/jre/lib/amd64/libnio.so
7f554f5e0000-7f554f7e0000 ---p 00010000 08:01 4982686                    /usr/lib/jvm/java-7-openjdk-amd64/jre/lib/amd64/libnio.so
7f554f7e0000-7f554f7e1000 r--p 00010000 08:01 4982686                    /usr/lib/jvm/java-7-openjdk-amd64/jre/lib/amd64/libnio.so
7f554f7e1000-7f554f7e2000 rw-p 00011000 08:01 4982686                    /usr/lib/jvm/java-7-openjdk-amd64/jre/lib/amd64/libnio.so
7f554f7e2000-7f554f807000 r--s 00172000 08:01 7473564                    /home/danilo/play-1.2.7/framework/lib/bcprov-jdk15-1.45.jar
7f554f807000-7f554f809000 r--s 00015000 08:01 7473602                    /home/danilo/play-1.2.7/framework/lib/jregex-1.2_01.jar
7f554f809000-7f554f83b000 r--s 002c9000 08:01 7473585                    /home/danilo/play-1.2.7/framework/lib/hibernate-core-3.6.10.Final.jar
7f554f83b000-7f554f841000 r--s 00032000 08:01 7473595                    /home/danilo/play-1.2.7/framework/lib/jaxen-1.1.jar
7f554f841000-7f554f848000 r--s 0006a000 08:01 7473607                    /home/danilo/play-1.2.7/framework/lib/mail-1.4.3.jar
7f554f848000-7f554f84e000 r--s 00038000 08:01 7473617                    /home/danilo/play-1.2.7/framework/lib/snakeyaml-1.7.jar
7f554f84e000-7f554f851000 r--s 0000f000 08:01 7473579                    /home/danilo/play-1.2.7/framework/lib/geronimo-servlet_2.5_spec-1.2.jar
7f554f851000-7f554f85b000 r--s 0005f000 08:01 7473586                    /home/danilo/play-1.2.7/framework/lib/hibernate-entitymanager-3.6.10.Final.jar
7f554f85b000-7f554f85e000 r--s 0000f000 08:01 7473583                    /home/danilo/play-1.2.7/framework/lib/hibernate-commons-annotations-3.2.0.Final.jar
7f554f85e000-7f554f888000 r--s 0042d000 08:01 7473611                    /home/danilo/play-1.2.7/framework/lib/org.eclipse.jdt.core-3.7.1.v_B76_R37x.jar
7f554f888000-7f554f893000 r--s 0008b000 08:01 7473565                    /home/danilo/play-1.2.7/framework/lib/c3p0-0.9.1.2.jar
7f554f893000-7f554f899000 r--s 00040000 08:01 7473608                    /home/danilo/play-1.2.7/framework/lib/memcached-2.6.jar
7f554f899000-7f554f89e000 r--s 0002e000 08:01 7473562                    /home/danilo/play-1.2.7/framework/lib/asm-all-3.3.1.jar
7f554f89e000-7f554f8a1000 r--s 00011000 08:01 7473578                    /home/danilo/play-1.2.7/framework/lib/ezmorph-1.0.3.jar
7f554f8a1000-7f554f8a6000 r--s 00048000 08:01 7473576                    /home/danilo/play-1.2.7/framework/lib/dom4j-1.6.1.jar
7f554f8a6000-7f554f8a8000 r--s 0000d000 08:01 7473568                    /home/danilo/play-1.2.7/framework/lib/commons-codec-1.4.jar
7f554f8a8000-7f554f8aa000 r--s 00005000 08:01 7473615                    /home/danilo/play-1.2.7/framework/lib/slf4j-api-1.6.1.jar
7f554f8aa000-7f554f8b6000 r--s 0006a000 08:01 7473620                    /home/danilo/play-1.2.7/framework/lib/xstream-1.4.2.jar
7f554f8b6000-7f554f8bb000 r--s 00020000 08:01 7473597                    /home/danilo/play-1.2.7/framework/lib/jj-imaging.jar
7f554f8bb000-7f554f8bd000 r--s 00008000 08:01 7473614                    /home/danilo/play-1.2.7/framework/lib/signpost-core-1.2.jar
7f554f8bd000-7f554f8cf000 r--s 000c2000 08:01 7473594                    /home/danilo/play-1.2.7/framework/lib/jaxb-impl-2.1.12.jar
7f554f8cf000-7f554f8d6000 r--s 00049000 08:01 7473612                    /home/danilo/play-1.2.7/framework/lib/oval-1.50.jar
7f554f8d6000-7f554f8dd000 r--s 000bd000 08:01 7473609                    /home/danilo/play-1.2.7/framework/lib/mysql-connector-java-5.1.20.jar
7f554f8dd000-7f554f8e2000 r--s 00068000 08:01 7473561                    /home/danilo/play-1.2.7/framework/lib/antlr-2.7.7.jar
7f554f8e2000-7f554f8ef000 r--s 0007c000 08:01 7473569                    /home/danilo/play-1.2.7/framework/lib/commons-collections-3.1.jar
7f554f8ef000-7f554f8f6000 r--s 00038000 08:01 7473600                    /home/danilo/play-1.2.7/framework/lib/jj-wikitext.jar
7f554f8f6000-7f554f8f7000 ---p 00000000 00:00 0 
7f554f8f7000-7f554f9f7000 rw-p 00000000 00:00 0                          [stack:6640]
7f554f9f7000-7f554f9fa000 ---p 00000000 00:00 0 
7f554f9fa000-7f554faf8000 rw-p 00000000 00:00 0                          [stack:6639]
7f554faf8000-7f554fafb000 ---p 00000000 00:00 0 
7f554fafb000-7f554fbf9000 rw-p 00000000 00:00 0                          [stack:6638]
7f554fbf9000-7f554fbfc000 ---p 00000000 00:00 0 
7f554fbfc000-7f554fcfa000 rw-p 00000000 00:00 0                          [stack:6637]
7f554fcfa000-7f554fcfd000 ---p 00000000 00:00 0 
7f554fcfd000-7f554fdfb000 rw-p 00000000 00:00 0                          [stack:6636]
7f554fdfb000-7f554fdff000 r-xp 00000000 08:01 4983125                    /usr/lib/jvm/java-7-openjdk-amd64/jre/lib/amd64/libdt_socket.so
7f554fdff000-7f554fffe000 ---p 00004000 08:01 4983125                    /usr/lib/jvm/java-7-openjdk-amd64/jre/lib/amd64/libdt_socket.so
7f554fffe000-7f554ffff000 r--p 00003000 08:01 4983125                    /usr/lib/jvm/java-7-openjdk-amd64/jre/lib/amd64/libdt_socket.so
7f554ffff000-7f5550000000 rw-p 00004000 08:01 4983125                    /usr/lib/jvm/java-7-openjdk-amd64/jre/lib/amd64/libdt_socket.so
7f5550000000-7f5550021000 rw-p 00000000 00:00 0 
7f5550021000-7f5554000000 ---p 00000000 00:00 0 
7f5554001000-7f5554003000 r--s 0000d000 08:01 7473571                    /home/danilo/play-1.2.7/framework/lib/commons-fileupload-1.2.2.jar
7f5554003000-7f5554004000 r--s 00007000 08:01 7473570                    /home/danilo/play-1.2.7/framework/lib/commons-email-1.2.jar
7f5554004000-7f555400b000 r--s 00040000 08:01 7473588                    /home/danilo/play-1.2.7/framework/lib/hibernate-validator-4.1.0.Final.jar
7f555400b000-7f5554010000 r--s 00041000 08:01 7473574                    /home/danilo/play-1.2.7/framework/lib/commons-lang-2.6.jar
7f5554010000-7f5554015000 r--s 00015000 08:01 7473587                    /home/danilo/play-1.2.7/framework/lib/hibernate-jpa-2.0-api-1.0.1.Final.jar
7f5554015000-7f555401e000 r--s 0006c000 08:01 7473563                    /home/danilo/play-1.2.7/framework/lib/async-http-client-1.7.8.jar
7f555401e000-7f5554021000 r--s 00009000 08:01 7473618                    /home/danilo/play-1.2.7/framework/lib/validation-api-1.0.0.GA.jar
7f5554021000-7f5554030000 r--s 000d9000 08:01 7473589                    /home/danilo/play-1.2.7/framework/lib/ivy-2.2.0.jar
7f5554030000-7f5554032000 r--s 00001000 08:01 7473603                    /home/danilo/play-1.2.7/framework/lib/jsr107cache-1.0.jar
7f5554032000-7f5554034000 r--s 0000c000 08:01 7473560                    /home/danilo/play-1.2.7/framework/lib/activation-1.1.1.jar
7f5554034000-7f5554039000 r--s 0002a000 08:01 7473581                    /home/danilo/play-1.2.7/framework/lib/gson-2.2.jar
7f5554039000-7f555403c000 r--s 00022000 08:01 7473590                    /home/danilo/play-1.2.7/framework/lib/jamon-2.7.jar
7f555403c000-7f5554040000 r--s 00016000 08:01 7473593                    /home/danilo/play-1.2.7/framework/lib/jaxb-api-2.2.jar
7f5554040000-7f5554050000 r--s 0007c000 08:01 7473601                    /home/danilo/play-1.2.7/framework/lib/joda-time-2.1.jar
7f5554050000-7f5554051000 r--s 00002000 08:01 7473596                    /home/danilo/play-1.2.7/framework/lib/jboss-transaction-api_1.1_spec-1.0.0.Final.jar
7f5554051000-7f5554052000 r--s 00002000 08:01 7473616                    /home/danilo/play-1.2.7/framework/lib/slf4j-log4j12-1.6.1.jar
7f5554052000-7f555405d000 r--s 0012c000 08:01 7473582                    /home/danilo/play-1.2.7/framework/lib/h2-1.3.166.jar
7f555405d000-7f555405f000 r--s 0000d000 08:01 7473575                    /home/danilo/play-1.2.7/framework/lib/commons-logging-1.1.1.jar
7f555405f000-7f5554072000 r--s 000d9000 08:01 7473610                    /home/danilo/play-1.2.7/framework/lib/netty-3.4.2.Final.jar
7f5554072000-7f5554077000 r--s 00034000 08:01 7473567                    /home/danilo/play-1.2.7/framework/lib/commons-beanutils-1.8.3.jar
7f5554077000-7f555407e000 r--s 00037000 08:01 7473604                    /home/danilo/play-1.2.7/framework/lib/junit-4.10.jar
7f555407e000-7f55540da000 r--s 00586000 08:01 7473580                    /home/danilo/play-1.2.7/framework/lib/groovy-all-1.8.6.jar
7f55540da000-7f55540e0000 r--s 0007e000 08:01 7473613                    /home/danilo/play-1.2.7/framework/lib/postgresql-9.0.jar
7f55540e0000-7f55540e3000 r--s 00016000 08:01 7473573                    /home/danilo/play-1.2.7/framework/lib/commons-javaflow-1209105.jar
7f55540e3000-7f55540eb000 r--s 0008a000 08:01 7473591                    /home/danilo/play-1.2.7/framework/lib/javassist-3.9.0.GA.jar
7f55540eb000-7f55540f1000 r--s 00049000 08:01 7473566                    /home/danilo/play-1.2.7/framework/lib/cglib-nodep-2.2.jar
7f55540f1000-7f55540f4000 ---p 00000000 00:00 0 
7f55540f4000-7f55541f2000 rw-p 00000000 00:00 0 
7f55541f2000-7f55541f5000 ---p 00000000 00:00 0 
7f55541f5000-7f55542f3000 rw-p 00000000 00:00 0                          [stack:6634]
7f55542f3000-7f55542f6000 ---p 00000000 00:00 0 
7f55542f6000-7f55543f4000 rw-p 00000000 00:00 0                          [stack:6633]
7f55543f4000-7f55543f7000 ---p 00000000 00:00 0 
7f55543f7000-7f55544f5000 rw-p 00000000 00:00 0                          [stack:6632]
7f55544f5000-7f55544f6000 ---p 00000000 00:00 0 
7f55544f6000-7f5555000000 rw-p 00000000 00:00 0                          [stack:6631]
7f5555000000-7f5555620000 rwxp 00000000 00:00 0 
7f5555620000-7f55588eb000 rw-p 00000000 00:00 0 
7f55588eb000-7f555c000000 ---p 00000000 00:00 0 
7f555c000000-7f555c002000 r--s 0000b000 08:01 7473599                    /home/danilo/play-1.2.7/framework/lib/jj-textile.jar
7f555c002000-7f555c003000 r--s 00001000 08:01 7473619                    /home/danilo/play-1.2.7/framework/lib/xmlpull-1.1.3.1.jar
7f555c003000-7f555c004000 r--s 00000000 08:01 7473592                    /home/danilo/play-1.2.7/framework/lib/javax.inject-1.0.jar
7f555c004000-7f555c006000 r--s 00015000 08:01 7473598                    /home/danilo/play-1.2.7/framework/lib/jj-simplecaptcha.jar
7f555c006000-7f555c01b000 r--s 000e1000 08:01 7473577                    /home/danilo/play-1.2.7/framework/lib/ehcache-core-2.4.3.jar
7f555c01b000-7f555c568000 rw-p 00000000 00:00 0 
7f555c568000-7f555c716000 r--s 01cf4000 08:01 4854326                    /usr/lib/jvm/java-7-openjdk-amd64/jre/lib/rt.jar
7f555c716000-7f555cc3c000 rw-p 00000000 00:00 0 
7f555cc3c000-7f555cc3d000 ---p 00000000 00:00 0 
7f555cc3d000-7f555cd3d000 rw-p 00000000 00:00 0                          [stack:6630]
7f555cd3d000-7f555cd3e000 ---p 00000000 00:00 0 
7f555cd3e000-7f555ce3e000 rw-p 00000000 00:00 0                          [stack:6629]
7f555ce3e000-7f555ce3f000 ---p 00000000 00:00 0 
7f555ce3f000-7f555cf3f000 rw-p 00000000 00:00 0                          [stack:6628]
7f555cf3f000-7f555cf40000 ---p 00000000 00:00 0 
7f555cf40000-7f555d057000 rw-p 00000000 00:00 0                          [stack:6627]
7f555d057000-7f555d093000 rw-p 00000000 00:00 0 
7f555d093000-7f555d0bc000 rw-p 00000000 00:00 0 
7f555d0bc000-7f555d323000 rw-p 00000000 00:00 0 
7f555d323000-7f555d33a000 rw-p 00000000 00:00 0 
7f555d33a000-7f555d376000 rw-p 00000000 00:00 0 
7f555d376000-7f555d39f000 rw-p 00000000 00:00 0 
7f555d39f000-7f555d606000 rw-p 00000000 00:00 0 
7f555d606000-7f555d631000 rw-p 00000000 00:00 0 
7f555d631000-7f555d640000 ---p 00000000 00:00 0 
7f555d640000-7f555d74e000 rw-p 00000000 00:00 0 
7f555d74e000-7f555d74f000 rw-p 00000000 00:00 0 
7f555d74f000-7f555d757000 r-xp 00000000 08:01 4983127                    /usr/lib/jvm/java-7-openjdk-amd64/jre/lib/amd64/libzip.so
7f555d757000-7f555d956000 ---p 00008000 08:01 4983127                    /usr/lib/jvm/java-7-openjdk-amd64/jre/lib/amd64/libzip.so
7f555d956000-7f555d957000 r--p 00007000 08:01 4983127                    /usr/lib/jvm/java-7-openjdk-amd64/jre/lib/amd64/libzip.so
7f555d957000-7f555d958000 rw-p 00008000 08:01 4983127                    /usr/lib/jvm/java-7-openjdk-amd64/jre/lib/amd64/libzip.so
7f555d958000-7f555d964000 r-xp 00000000 08:01 18350180                   /lib/x86_64-linux-gnu/libnss_files-2.17.so
7f555d964000-7f555db63000 ---p 0000c000 08:01 18350180                   /lib/x86_64-linux-gnu/libnss_files-2.17.so
7f555db63000-7f555db64000 r--p 0000b000 08:01 18350180                   /lib/x86_64-linux-gnu/libnss_files-2.17.so
7f555db64000-7f555db65000 rw-p 0000c000 08:01 18350180                   /lib/x86_64-linux-gnu/libnss_files-2.17.so
7f555db65000-7f555db70000 r-xp 00000000 08:01 18350187                   /lib/x86_64-linux-gnu/libnss_nis-2.17.so
7f555db70000-7f555dd6f000 ---p 0000b000 08:01 18350187                   /lib/x86_64-linux-gnu/libnss_nis-2.17.so
7f555dd6f000-7f555dd70000 r--p 0000a000 08:01 18350187                   /lib/x86_64-linux-gnu/libnss_nis-2.17.so
7f555dd70000-7f555dd71000 rw-p 0000b000 08:01 18350187                   /lib/x86_64-linux-gnu/libnss_nis-2.17.so
7f555dd71000-7f555dd88000 r-xp 00000000 08:01 18350176                   /lib/x86_64-linux-gnu/libnsl-2.17.so
7f555dd88000-7f555df87000 ---p 00017000 08:01 18350176                   /lib/x86_64-linux-gnu/libnsl-2.17.so
7f555df87000-7f555df88000 r--p 00016000 08:01 18350176                   /lib/x86_64-linux-gnu/libnsl-2.17.so
7f555df88000-7f555df89000 rw-p 00017000 08:01 18350176                   /lib/x86_64-linux-gnu/libnsl-2.17.so
7f555df89000-7f555df8b000 rw-p 00000000 00:00 0 
7f555df8b000-7f555df93000 r-xp 00000000 08:01 18353728                   /lib/x86_64-linux-gnu/libnss_compat-2.17.so
7f555df93000-7f555e192000 ---p 00008000 08:01 18353728                   /lib/x86_64-linux-gnu/libnss_compat-2.17.so
7f555e192000-7f555e193000 r--p 00007000 08:01 18353728                   /lib/x86_64-linux-gnu/libnss_compat-2.17.so
7f555e193000-7f555e194000 rw-p 00008000 08:01 18353728                   /lib/x86_64-linux-gnu/libnss_compat-2.17.so
7f555e194000-7f555e876000 r--p 00000000 08:01 4200337                    /usr/lib/locale/locale-archive
7f555e876000-7f555e879000 r-xp 00000000 08:01 4982681                    /usr/lib/jvm/java-7-openjdk-amd64/jre/lib/amd64/libnpt.so
7f555e879000-7f555ea78000 ---p 00003000 08:01 4982681                    /usr/lib/jvm/java-7-openjdk-amd64/jre/lib/amd64/libnpt.so
7f555ea78000-7f555ea79000 r--p 00002000 08:01 4982681                    /usr/lib/jvm/java-7-openjdk-amd64/jre/lib/amd64/libnpt.so
7f555ea79000-7f555ea7a000 rw-p 00003000 08:01 4982681                    /usr/lib/jvm/java-7-openjdk-amd64/jre/lib/amd64/libnpt.so
7f555ea7a000-7f555ea84000 r-xp 00000000 08:01 4982679                    /usr/lib/jvm/java-7-openjdk-amd64/jre/lib/amd64/libinstrument.so
7f555ea84000-7f555ec83000 ---p 0000a000 08:01 4982679                    /usr/lib/jvm/java-7-openjdk-amd64/jre/lib/amd64/libinstrument.so
7f555ec83000-7f555ec84000 r--p 00009000 08:01 4982679                    /usr/lib/jvm/java-7-openjdk-amd64/jre/lib/amd64/libinstrument.so
7f555ec84000-7f555ec85000 rw-p 0000a000 08:01 4982679                    /usr/lib/jvm/java-7-openjdk-amd64/jre/lib/amd64/libinstrument.so
7f555ec85000-7f555ecbf000 r-xp 00000000 08:01 4982687                    /usr/lib/jvm/java-7-openjdk-amd64/jre/lib/amd64/libjdwp.so
7f555ecbf000-7f555eebe000 ---p 0003a000 08:01 4982687                    /usr/lib/jvm/java-7-openjdk-amd64/jre/lib/amd64/libjdwp.so
7f555eebe000-7f555eebf000 r--p 00039000 08:01 4982687                    /usr/lib/jvm/java-7-openjdk-amd64/jre/lib/amd64/libjdwp.so
7f555eebf000-7f555eec0000 rw-p 0003a000 08:01 4982687                    /usr/lib/jvm/java-7-openjdk-amd64/jre/lib/amd64/libjdwp.so
7f555eec0000-7f555eeeb000 r-xp 00000000 08:01 4983111                    /usr/lib/jvm/java-7-openjdk-amd64/jre/lib/amd64/libjava.so
7f555eeeb000-7f555f0ea000 ---p 0002b000 08:01 4983111                    /usr/lib/jvm/java-7-openjdk-amd64/jre/lib/amd64/libjava.so
7f555f0ea000-7f555f0eb000 r--p 0002a000 08:01 4983111                    /usr/lib/jvm/java-7-openjdk-amd64/jre/lib/amd64/libjava.so
7f555f0eb000-7f555f0ed000 rw-p 0002b000 08:01 4983111                    /usr/lib/jvm/java-7-openjdk-amd64/jre/lib/amd64/libjava.so
7f555f0ed000-7f555f0fc000 r-xp 00000000 08:01 4983110                    /usr/lib/jvm/java-7-openjdk-amd64/jre/lib/amd64/libverify.so
7f555f0fc000-7f555f2fb000 ---p 0000f000 08:01 4983110                    /usr/lib/jvm/java-7-openjdk-amd64/jre/lib/amd64/libverify.so
7f555f2fb000-7f555f2fd000 r--p 0000e000 08:01 4983110                    /usr/lib/jvm/java-7-openjdk-amd64/jre/lib/amd64/libverify.so
7f555f2fd000-7f555f2fe000 rw-p 00010000 08:01 4983110                    /usr/lib/jvm/java-7-openjdk-amd64/jre/lib/amd64/libverify.so
7f555f2fe000-7f555f305000 r-xp 00000000 08:01 18350183                   /lib/x86_64-linux-gnu/librt-2.17.so
7f555f305000-7f555f504000 ---p 00007000 08:01 18350183                   /lib/x86_64-linux-gnu/librt-2.17.so
7f555f504000-7f555f505000 r--p 00006000 08:01 18350183                   /lib/x86_64-linux-gnu/librt-2.17.so
7f555f505000-7f555f506000 rw-p 00007000 08:01 18350183                   /lib/x86_64-linux-gnu/librt-2.17.so
7f555f506000-7f555f51a000 r-xp 00000000 08:01 18353784                   /lib/x86_64-linux-gnu/libgcc_s.so.1
7f555f51a000-7f555f71a000 ---p 00014000 08:01 18353784                   /lib/x86_64-linux-gnu/libgcc_s.so.1
7f555f71a000-7f555f71b000 r--p 00014000 08:01 18353784                   /lib/x86_64-linux-gnu/libgcc_s.so.1
7f555f71b000-7f555f71c000 rw-p 00015000 08:01 18353784                   /lib/x86_64-linux-gnu/libgcc_s.so.1
7f555f71c000-7f555f81f000 r-xp 00000000 08:01 18353688                   /lib/x86_64-linux-gnu/libm-2.17.so
7f555f81f000-7f555fa1f000 ---p 00103000 08:01 18353688                   /lib/x86_64-linux-gnu/libm-2.17.so
7f555fa1f000-7f555fa20000 r--p 00103000 08:01 18353688                   /lib/x86_64-linux-gnu/libm-2.17.so
7f555fa20000-7f555fa21000 rw-p 00104000 08:01 18353688                   /lib/x86_64-linux-gnu/libm-2.17.so
7f555fa21000-7f555fb06000 r-xp 00000000 08:01 4201888                    /usr/lib/x86_64-linux-gnu/libstdc++.so.6.0.17
7f555fb06000-7f555fd05000 ---p 000e5000 08:01 4201888                    /usr/lib/x86_64-linux-gnu/libstdc++.so.6.0.17
7f555fd05000-7f555fd0d000 r--p 000e4000 08:01 4201888                    /usr/lib/x86_64-linux-gnu/libstdc++.so.6.0.17
7f555fd0d000-7f555fd0f000 rw-p 000ec000 08:01 4201888                    /usr/lib/x86_64-linux-gnu/libstdc++.so.6.0.17
7f555fd0f000-7f555fd24000 rw-p 00000000 00:00 0 
7f555fd24000-7f55607ea000 r-xp 00000000 08:01 4983116                    /usr/lib/jvm/java-7-openjdk-amd64/jre/lib/amd64/server/libjvm.so
7f55607ea000-7f55609ea000 ---p 00ac6000 08:01 4983116                    /usr/lib/jvm/java-7-openjdk-amd64/jre/lib/amd64/server/libjvm.so
7f55609ea000-7f5560a82000 r--p 00ac6000 08:01 4983116                    /usr/lib/jvm/java-7-openjdk-amd64/jre/lib/amd64/server/libjvm.so
7f5560a82000-7f5560aa5000 rw-p 00b5e000 08:01 4983116                    /usr/lib/jvm/java-7-openjdk-amd64/jre/lib/amd64/server/libjvm.so
7f5560aa5000-7f5560ad2000 rw-p 00000000 00:00 0 
7f5560ad2000-7f5560ae8000 r-xp 00000000 08:01 18353912                   /lib/x86_64-linux-gnu/libz.so.1.2.7
7f5560ae8000-7f5560ce7000 ---p 00016000 08:01 18353912                   /lib/x86_64-linux-gnu/libz.so.1.2.7
7f5560ce7000-7f5560ce8000 r--p 00015000 08:01 18353912                   /lib/x86_64-linux-gnu/libz.so.1.2.7
7f5560ce8000-7f5560ce9000 rw-p 00016000 08:01 18353912                   /lib/x86_64-linux-gnu/libz.so.1.2.7
7f5560ce9000-7f5560d01000 r-xp 00000000 08:01 18350177                   /lib/x86_64-linux-gnu/libpthread-2.17.so
7f5560d01000-7f5560f00000 ---p 00018000 08:01 18350177                   /lib/x86_64-linux-gnu/libpthread-2.17.so
7f5560f00000-7f5560f01000 r--p 00017000 08:01 18350177                   /lib/x86_64-linux-gnu/libpthread-2.17.so
7f5560f01000-7f5560f02000 rw-p 00018000 08:01 18350177                   /lib/x86_64-linux-gnu/libpthread-2.17.so
7f5560f02000-7f5560f06000 rw-p 00000000 00:00 0 
7f5560f06000-7f5560f09000 r-xp 00000000 08:01 18350179                   /lib/x86_64-linux-gnu/libdl-2.17.so
7f5560f09000-7f5561108000 ---p 00003000 08:01 18350179                   /lib/x86_64-linux-gnu/libdl-2.17.so
7f5561108000-7f5561109000 r--p 00002000 08:01 18350179                   /lib/x86_64-linux-gnu/libdl-2.17.so
7f5561109000-7f556110a000 rw-p 00003000 08:01 18350179                   /lib/x86_64-linux-gnu/libdl-2.17.so
7f556110a000-7f55612c9000 r-xp 00000000 08:01 18354010                   /lib/x86_64-linux-gnu/libc-2.17.so
7f55612c9000-7f55614c8000 ---p 001bf000 08:01 18354010                   /lib/x86_64-linux-gnu/libc-2.17.so
7f55614c8000-7f55614cc000 r--p 001be000 08:01 18354010                   /lib/x86_64-linux-gnu/libc-2.17.so
7f55614cc000-7f55614ce000 rw-p 001c2000 08:01 18354010                   /lib/x86_64-linux-gnu/libc-2.17.so
7f55614ce000-7f55614d3000 rw-p 00000000 00:00 0 
7f55614d3000-7f55614e0000 r-xp 00000000 08:01 4982683                    /usr/lib/jvm/java-7-openjdk-amd64/jre/lib/amd64/jli/libjli.so
7f55614e0000-7f55616df000 ---p 0000d000 08:01 4982683                    /usr/lib/jvm/java-7-openjdk-amd64/jre/lib/amd64/jli/libjli.so
7f55616df000-7f55616e0000 r--p 0000c000 08:01 4982683                    /usr/lib/jvm/java-7-openjdk-amd64/jre/lib/amd64/jli/libjli.so
7f55616e0000-7f55616e1000 rw-p 0000d000 08:01 4982683                    /usr/lib/jvm/java-7-openjdk-amd64/jre/lib/amd64/jli/libjli.so
7f55616e1000-7f5561704000 r-xp 00000000 08:01 18350093                   /lib/x86_64-linux-gnu/ld-2.17.so
7f5561704000-7f5561707000 r--s 00024000 08:01 7473572                    /home/danilo/play-1.2.7/framework/lib/commons-io-2.0.1.jar
7f5561707000-7f5561710000 r--s 0006d000 08:01 7473606                    /home/danilo/play-1.2.7/framework/lib/log4j-1.2.16.jar
7f5561710000-7f5561711000 r--s 00001000 08:01 7603119                    /home/danilo/play-1.2.7/modules/testrunner/lib/play-testrunner.jar
7f5561711000-7f5561712000 r--s 00004000 08:01 8127142                    /home/danilo/workspace/controleAcesso/lib/jbcrypt-0.3m.jar
7f5561712000-7f556171e000 r--s 000c3000 08:01 7473626                    /home/danilo/play-1.2.7/framework/play-1.2.7.jar
7f556171e000-7f5561722000 r--s 0003b000 08:01 4981314                    /usr/lib/jvm/java-7-openjdk-amd64/jre/lib/ext/sunpkcs11.jar
7f5561722000-7f556173b000 rw-p 00000000 00:00 0 
7f556173b000-7f55617e2000 rw-p 00000000 00:00 0 
7f55617e2000-7f55617e5000 ---p 00000000 00:00 0 
7f55617e5000-7f55618e9000 rw-p 00000000 00:00 0                          [stack:6626]
7f55618e9000-7f55618ed000 r--s 00085000 08:01 4981707                    /usr/lib/jvm/java-7-openjdk-amd64/jre/lib/ext/localedata.jar
7f55618ed000-7f55618ef000 r--s 0000f000 08:01 4981318                    /usr/lib/jvm/java-7-openjdk-amd64/jre/lib/ext/pulse-java.jar
7f55618ef000-7f55618f0000 r--s 00002000 08:01 4981317                    /usr/lib/jvm/java-7-openjdk-amd64/jre/lib/ext/dnsns.jar
7f55618f0000-7f55618f2000 r--s 00012000 08:01 4981316                    /usr/lib/jvm/java-7-openjdk-amd64/jre/lib/ext/zipfs.jar
7f55618f2000-7f55618f4000 r--s 00006000 08:01 4589154                    /usr/share/java/java-atk-wrapper.jar
7f55618f4000-7f55618f7000 r--s 00032000 08:01 4981315                    /usr/lib/jvm/java-7-openjdk-amd64/jre/lib/ext/sunjce_provider.jar
7f55618f7000-7f55618ff000 rw-s 00000000 08:01 22020117                   /tmp/hsperfdata_danilo/6625
7f55618ff000-7f5561900000 rw-p 00000000 00:00 0 
7f5561900000-7f5561901000 r--p 00000000 00:00 0 
7f5561901000-7f5561903000 rw-p 00000000 00:00 0 
7f5561903000-7f5561904000 r--p 00022000 08:01 18350093                   /lib/x86_64-linux-gnu/ld-2.17.so
7f5561904000-7f5561906000 rw-p 00023000 08:01 18350093                   /lib/x86_64-linux-gnu/ld-2.17.so
7ffff5cbe000-7ffff5ce0000 rw-p 00000000 00:00 0                          [stack]
7ffff5dd5000-7ffff5dd7000 r-xp 00000000 00:00 0                          [vdso]
ffffffffff600000-ffffffffff601000 r-xp 00000000 00:00 0                  [vsyscall]

VM Arguments:
jvm_args: -javaagent:/home/danilo/play-1.2.7/framework/play-1.2.7.jar -XX:-UseSplitVerifier -Dfile.encoding=utf-8 -XX:CompileCommand=exclude,jregex/Pretokenizer,next -Xdebug -Xrunjdwp:transport=dt_socket,address=8000,server=y,suspend=n -Dplay.debug=yes -Dapplication.path=/home/danilo/workspace/controleAcesso -Dplay.id=test 
java_command: play.server.Server 
Launcher Type: SUN_STANDARD

Environment Variables:
PATH=/usr/lib/lightdm/lightdm:/usr/local/sbin:/usr/local/bin:/usr/sbin:/usr/bin:/sbin:/bin:/usr/games:/usr/local/games:/home/danilo/play-1.2.7:/home/danilo/play-1.2.7
SHELL=/bin/bash
DISPLAY=:0

Signal Handlers:
SIGSEGV: [libjvm.so+0x8f8310], sa_mask[0]=0x7ffbfeff, sa_flags=0x10000004
SIGBUS: [libjvm.so+0x8f8310], sa_mask[0]=0x7ffbfeff, sa_flags=0x10000004
SIGFPE: [libjvm.so+0x781ce0], sa_mask[0]=0x7ffbfeff, sa_flags=0x10000004
SIGPIPE: [libjvm.so+0x781ce0], sa_mask[0]=0x7ffbfeff, sa_flags=0x10000004
SIGXFSZ: [libjvm.so+0x781ce0], sa_mask[0]=0x7ffbfeff, sa_flags=0x10000004
SIGILL: [libjvm.so+0x781ce0], sa_mask[0]=0x7ffbfeff, sa_flags=0x10000004
SIGUSR1: SIG_DFL, sa_mask[0]=0x00000000, sa_flags=0x00000000
SIGUSR2: [libjvm.so+0x781fd0], sa_mask[0]=0x00000000, sa_flags=0x10000004
SIGHUP: [libjvm.so+0x782140], sa_mask[0]=0x7ffbfeff, sa_flags=0x10000004
SIGINT: [libjvm.so+0x782140], sa_mask[0]=0x7ffbfeff, sa_flags=0x10000004
SIGTERM: [libjvm.so+0x782140], sa_mask[0]=0x7ffbfeff, sa_flags=0x10000004
SIGQUIT: [libjvm.so+0x782140], sa_mask[0]=0x7ffbfeff, sa_flags=0x10000004


---------------  S Y S T E M  ---------------

OS:Ubuntu 13.04 (raring)
uname:Linux 3.8.0-19-generic #29-Ubuntu SMP Wed Apr 17 18:16:28 UTC 2013 x86_64
libc:glibc 2.17 NPTL 2.17 
rlimit: STACK 8192k, CORE 0k, NPROC 62778, NOFILE 4096, AS infinity
load average:0,44 0,34 0,30

/proc/meminfo:
MemTotal:        8054720 kB
MemFree:         2063412 kB
Buffers:          243972 kB
Cached:          3469704 kB
SwapCached:            0 kB
Active:          3275168 kB
Inactive:        2297340 kB
Active(anon):    1876384 kB
Inactive(anon):   859696 kB
Active(file):    1398784 kB
Inactive(file):  1437644 kB
Unevictable:          16 kB
Mlocked:              16 kB
SwapTotal:       8265724 kB
SwapFree:        8265724 kB
Dirty:                88 kB
Writeback:             0 kB
AnonPages:       1858856 kB
Mapped:           429100 kB
Shmem:            877248 kB
Slab:             285396 kB
SReclaimable:     242988 kB
SUnreclaim:        42408 kB
KernelStack:        5200 kB
PageTables:        41444 kB
NFS_Unstable:          0 kB
Bounce:                0 kB
WritebackTmp:          0 kB
CommitLimit:    12293084 kB
Committed_AS:    6776500 kB
VmallocTotal:   34359738367 kB
VmallocUsed:      366116 kB
VmallocChunk:   34359369040 kB
HardwareCorrupted:     0 kB
AnonHugePages:         0 kB
HugePages_Total:       0
HugePages_Free:        0
HugePages_Rsvd:        0
HugePages_Surp:        0
Hugepagesize:       2048 kB
DirectMap4k:      102400 kB
DirectMap2M:     8171520 kB


CPU:total 4 (2 cores per cpu, 2 threads per core) family 6 model 42 stepping 7, cmov, cx8, fxsr, mmx, sse, sse2, sse3, ssse3, sse4.1, sse4.2, popcnt, avx, ht, tsc, tscinvbit

/proc/cpuinfo:
processor	: 0
vendor_id	: GenuineIntel
cpu family	: 6
model		: 42
model name	: Intel(R) Core(TM) i3-2100 CPU @ 3.10GHz
stepping	: 7
microcode	: 0x18
cpu MHz		: 1600.000
cache size	: 3072 KB
physical id	: 0
siblings	: 4
core id		: 0
cpu cores	: 2
apicid		: 0
initial apicid	: 0
fpu		: yes
fpu_exception	: yes
cpuid level	: 13
wp		: yes
flags		: fpu vme de pse tsc msr pae mce cx8 apic sep mtrr pge mca cmov pat pse36 clflush dts acpi mmx fxsr sse sse2 ss ht tm pbe syscall nx rdtscp lm constant_tsc arch_perfmon pebs bts rep_good nopl xtopology nonstop_tsc aperfmperf eagerfpu pni pclmulqdq dtes64 monitor ds_cpl vmx est tm2 ssse3 cx16 xtpr pdcm pcid sse4_1 sse4_2 popcnt tsc_deadline_timer xsave avx lahf_lm arat epb xsaveopt pln pts dtherm tpr_shadow vnmi flexpriority ept vpid
bogomips	: 6185.92
clflush size	: 64
cache_alignment	: 64
address sizes	: 36 bits physical, 48 bits virtual
power management:

processor	: 1
vendor_id	: GenuineIntel
cpu family	: 6
model		: 42
model name	: Intel(R) Core(TM) i3-2100 CPU @ 3.10GHz
stepping	: 7
microcode	: 0x18
cpu MHz		: 1600.000
cache size	: 3072 KB
physical id	: 0
siblings	: 4
core id		: 1
cpu cores	: 2
apicid		: 2
initial apicid	: 2
fpu		: yes
fpu_exception	: yes
cpuid level	: 13
wp		: yes
flags		: fpu vme de pse tsc msr pae mce cx8 apic sep mtrr pge mca cmov pat pse36 clflush dts acpi mmx fxsr sse sse2 ss ht tm pbe syscall nx rdtscp lm constant_tsc arch_perfmon pebs bts rep_good nopl xtopology nonstop_tsc aperfmperf eagerfpu pni pclmulqdq dtes64 monitor ds_cpl vmx est tm2 ssse3 cx16 xtpr pdcm pcid sse4_1 sse4_2 popcnt tsc_deadline_timer xsave avx lahf_lm arat epb xsaveopt pln pts dtherm tpr_shadow vnmi flexpriority ept vpid
bogomips	: 6185.92
clflush size	: 64
cache_alignment	: 64
address sizes	: 36 bits physical, 48 bits virtual
power management:

processor	: 2
vendor_id	: GenuineIntel
cpu family	: 6
model		: 42
model name	: Intel(R) Core(TM) i3-2100 CPU @ 3.10GHz
stepping	: 7
microcode	: 0x18
cpu MHz		: 1600.000
cache size	: 3072 KB
physical id	: 0
siblings	: 4
core id		: 0
cpu cores	: 2
apicid		: 1
initial apicid	: 1
fpu		: yes
fpu_exception	: yes
cpuid level	: 13
wp		: yes
flags		: fpu vme de pse tsc msr pae mce cx8 apic sep mtrr pge mca cmov pat pse36 clflush dts acpi mmx fxsr sse sse2 ss ht tm pbe syscall nx rdtscp lm constant_tsc arch_perfmon pebs bts rep_good nopl xtopology nonstop_tsc aperfmperf eagerfpu pni pclmulqdq dtes64 monitor ds_cpl vmx est tm2 ssse3 cx16 xtpr pdcm pcid sse4_1 sse4_2 popcnt tsc_deadline_timer xsave avx lahf_lm arat epb xsaveopt pln pts dtherm tpr_shadow vnmi flexpriority ept vpid
bogomips	: 6185.92
clflush size	: 64
cache_alignment	: 64
address sizes	: 36 bits physical, 48 bits virtual
power management:

processor	: 3
vendor_id	: GenuineIntel
cpu family	: 6
model		: 42
model name	: Intel(R) Core(TM) i3-2100 CPU @ 3.10GHz
stepping	: 7
microcode	: 0x18
cpu MHz		: 1600.000
cache size	: 3072 KB
physical id	: 0
siblings	: 4
core id		: 1
cpu cores	: 2
apicid		: 3
initial apicid	: 3
fpu		: yes
fpu_exception	: yes
cpuid level	: 13
wp		: yes
flags		: fpu vme de pse tsc msr pae mce cx8 apic sep mtrr pge mca cmov pat pse36 clflush dts acpi mmx fxsr sse sse2 ss ht tm pbe syscall nx rdtscp lm constant_tsc arch_perfmon pebs bts rep_good nopl xtopology nonstop_tsc aperfmperf eagerfpu pni pclmulqdq dtes64 monitor ds_cpl vmx est tm2 ssse3 cx16 xtpr pdcm pcid sse4_1 sse4_2 popcnt tsc_deadline_timer xsave avx lahf_lm arat epb xsaveopt pln pts dtherm tpr_shadow vnmi flexpriority ept vpid
bogomips	: 6185.92
clflush size	: 64
cache_alignment	: 64
address sizes	: 36 bits physical, 48 bits virtual
power management:



Memory: 4k page, physical 8054720k(2063412k free), swap 8265724k(8265724k free)

vm_info: OpenJDK 64-Bit Server VM (24.45-b08) for linux-amd64 JRE (1.7.0_51-b00), built on Jan 16 2014 18:17:06 by "buildd" with gcc 4.7.3

time: Wed Feb  5 14:20:13 2014
elapsed time: 13777 seconds

